<?xml version="1.0" encoding="UTF-8"?>
<!-- Generated by org.testng.reporters.JUnitXMLReporter -->
<testsuite hostname="YUVA-PC" ignored="0" name="Car loan" tests="7" failures="0" timestamp="17 Jul 2020 13:58:20 GMT" time="0.109" errors="0">
  <testcase name="WebloginCarloan" time="0.0" classname="Test.Day3"/>
  <testcase name="MobileloginCarloan" time="0.0" classname="Test.Day3"/>
  <testcase name="MobilesigninCarloan" time="0.015" classname="Test.Day3"/>
  <testcase name="MobilesigninCarloan" time="0.016" classname="Test.Day3"/>
  <testcase name="MobilesigninCarloan" time="0.0" classname="Test.Day3"/>
  <testcase name="MobilesignoutCarloan" time="0.016" classname="Test.Day3"/>
  <testcase name="LoginAPIcarloan" time="0.0" classname="Test.Day3"/>
</testsuite> <!-- Car loan -->
