<?xml version="1.0" encoding="UTF-8"?>
<!-- Generated by org.testng.reporters.JUnitXMLReporter -->
<testsuite hostname="YUVA-PC" ignored="1" name="Personal Loan" tests="5" failures="0" timestamp="17 Jul 2020 13:58:20 GMT" time="0.11" errors="0">
  <testcase name="Demo" time="0.016" classname="Test.Day1"/>
  <testcase name="ploan" time="0.0" classname="Test.Day2"/>
  <testcase name="LoginAPIHomeloan" time="0.0" classname="Test.Day4"/>
  <testcase name="MobileloginHomeloan" time="0.016" classname="Test.Day4"/>
  <testcase name="WebloginHomeloan" time="0.0" classname="Test.Day4"/>
  <testcase name="Demo2" time="0.0" classname="Test.Day1">
    <ignored/>
  </testcase> <!-- Demo2 -->
</testsuite> <!-- Personal Loan -->
