<?xml version="1.0" encoding="UTF-8"?>
<!-- Generated by org.testng.reporters.JUnitXMLReporter -->
<testsuite hostname="YUVA-PC" ignored="8" name="regression" tests="3" failures="0" timestamp="14 Mar 2020 05:18:12 GMT" time="0.124" errors="0">
  <testcase name="ploan" time="0.031" classname="Test.Day2"/>
  <testcase name="MobileloginHomeloan" time="0.0" classname="Test.Day4"/>
  <testcase name="WebloginCarloan" time="0.015" classname="Test.Day3"/>
  <testcase name="Demo2" time="0.0" classname="Test.Day1">
    <ignored/>
  </testcase> <!-- Demo2 -->
  <testcase name="Demo" time="0.0" classname="Test.Day1">
    <ignored/>
  </testcase> <!-- Demo -->
  <testcase name="LoginAPIHomeloan" time="0.0" classname="Test.Day4">
    <ignored/>
  </testcase> <!-- LoginAPIHomeloan -->
  <testcase name="MobileloginCarloan" time="0.0" classname="Test.Day3">
    <ignored/>
  </testcase> <!-- MobileloginCarloan -->
  <testcase name="MobilesignoutCarloan" time="0.0" classname="Test.Day3">
    <ignored/>
  </testcase> <!-- MobilesignoutCarloan -->
  <testcase name="MobilesigninCarloan" time="0.0" classname="Test.Day3">
    <ignored/>
  </testcase> <!-- MobilesigninCarloan -->
  <testcase name="WebloginHomeloan" time="0.0" classname="Test.Day4">
    <ignored/>
  </testcase> <!-- WebloginHomeloan -->
  <testcase name="LoginAPIcarloan" time="0.0" classname="Test.Day3">
    <ignored/>
  </testcase> <!-- LoginAPIcarloan -->
</testsuite> <!-- regression -->
