<?xml version="1.0" encoding="UTF-8"?>
<testng-results skipped="0" failed="0" ignored="0" total="1" passed="1">
  <reporter-output>
  </reporter-output>
  <suite name="Default suite" duration-ms="19261" started-at="2020-08-30T09:18:00Z" finished-at="2020-08-30T09:18:19Z">
    <groups>
    </groups>
    <test name="Default test" duration-ms="19261" started-at="2020-08-30T09:18:00Z" finished-at="2020-08-30T09:18:19Z">
      <class name="Test.Assignment3">
        <test-method status="PASS" signature="Button()[pri:0, instance:Test.Assignment3@1efea79]" name="Button" duration-ms="19183" started-at="2020-08-30T09:18:00Z" finished-at="2020-08-30T09:18:19Z">
          <reporter-output>
          </reporter-output>
        </test-method> <!-- Button -->
      </class> <!-- Test.Assignment3 -->
    </test> <!-- Default test -->
  </suite> <!-- Default suite -->
</testng-results>
